mode: set
github.com/zongjie233/udemy_lesson/internal/handlers/handlers.go:29.62,34.2 1 0
github.com/zongjie233/udemy_lesson/internal/handlers/handlers.go:36.51,41.2 1 1
github.com/zongjie233/udemy_lesson/internal/handlers/handlers.go:44.33,46.2 1 1
github.com/zongjie233/udemy_lesson/internal/handlers/handlers.go:49.67,52.2 1 1
github.com/zongjie233/udemy_lesson/internal/handlers/handlers.go:55.68,58.2 1 1
github.com/zongjie233/udemy_lesson/internal/handlers/handlers.go:61.74,63.9 2 1
github.com/zongjie233/udemy_lesson/internal/handlers/handlers.go:69.2,70.16 2 1
github.com/zongjie233/udemy_lesson/internal/handlers/handlers.go:76.2,93.4 10 1
github.com/zongjie233/udemy_lesson/internal/handlers/handlers.go:63.9,67.3 3 1
github.com/zongjie233/udemy_lesson/internal/handlers/handlers.go:70.16,74.3 3 1
github.com/zongjie233/udemy_lesson/internal/handlers/handlers.go:97.78,99.16 2 1
github.com/zongjie233/udemy_lesson/internal/handlers/handlers.go:105.2,111.16 5 1
github.com/zongjie233/udemy_lesson/internal/handlers/handlers.go:117.2,118.16 2 1
github.com/zongjie233/udemy_lesson/internal/handlers/handlers.go:124.2,125.16 2 1
github.com/zongjie233/udemy_lesson/internal/handlers/handlers.go:131.2,149.19 5 1
github.com/zongjie233/udemy_lesson/internal/handlers/handlers.go:160.2,161.16 2 1
github.com/zongjie233/udemy_lesson/internal/handlers/handlers.go:167.2,176.16 3 1
github.com/zongjie233/udemy_lesson/internal/handlers/handlers.go:182.2,184.66 2 1
github.com/zongjie233/udemy_lesson/internal/handlers/handlers.go:99.16,103.3 3 1
github.com/zongjie233/udemy_lesson/internal/handlers/handlers.go:111.16,115.3 3 1
github.com/zongjie233/udemy_lesson/internal/handlers/handlers.go:118.16,122.3 3 1
github.com/zongjie233/udemy_lesson/internal/handlers/handlers.go:125.16,129.3 3 1
github.com/zongjie233/udemy_lesson/internal/handlers/handlers.go:149.19,158.3 5 0
github.com/zongjie233/udemy_lesson/internal/handlers/handlers.go:161.16,165.3 3 0
github.com/zongjie233/udemy_lesson/internal/handlers/handlers.go:176.16,180.3 3 0
github.com/zongjie233/udemy_lesson/internal/handlers/handlers.go:188.69,190.2 1 1
github.com/zongjie233/udemy_lesson/internal/handlers/handlers.go:193.68,195.2 1 1
github.com/zongjie233/udemy_lesson/internal/handlers/handlers.go:198.75,200.2 1 1
github.com/zongjie233/udemy_lesson/internal/handlers/handlers.go:203.79,210.16 5 0
github.com/zongjie233/udemy_lesson/internal/handlers/handlers.go:214.2,215.16 2 0
github.com/zongjie233/udemy_lesson/internal/handlers/handlers.go:220.2,221.16 2 0
github.com/zongjie233/udemy_lesson/internal/handlers/handlers.go:227.2,227.21 1 0
github.com/zongjie233/udemy_lesson/internal/handlers/handlers.go:233.2,246.4 5 0
github.com/zongjie233/udemy_lesson/internal/handlers/handlers.go:210.16,213.3 2 0
github.com/zongjie233/udemy_lesson/internal/handlers/handlers.go:215.16,218.3 2 0
github.com/zongjie233/udemy_lesson/internal/handlers/handlers.go:221.16,224.3 2 0
github.com/zongjie233/udemy_lesson/internal/handlers/handlers.go:227.21,231.3 3 0
github.com/zongjie233/udemy_lesson/internal/handlers/handlers.go:259.79,263.16 2 0
github.com/zongjie233/udemy_lesson/internal/handlers/handlers.go:274.2,279.16 5 0
github.com/zongjie233/udemy_lesson/internal/handlers/handlers.go:284.2,285.16 2 0
github.com/zongjie233/udemy_lesson/internal/handlers/handlers.go:290.2,291.16 2 0
github.com/zongjie233/udemy_lesson/internal/handlers/handlers.go:296.2,297.16 2 0
github.com/zongjie233/udemy_lesson/internal/handlers/handlers.go:309.2,320.14 4 0
github.com/zongjie233/udemy_lesson/internal/handlers/handlers.go:263.16,273.3 5 0
github.com/zongjie233/udemy_lesson/internal/handlers/handlers.go:279.16,282.3 2 0
github.com/zongjie233/udemy_lesson/internal/handlers/handlers.go:285.16,288.3 2 0
github.com/zongjie233/udemy_lesson/internal/handlers/handlers.go:291.16,294.3 2 0
github.com/zongjie233/udemy_lesson/internal/handlers/handlers.go:297.16,307.3 5 0
github.com/zongjie233/udemy_lesson/internal/handlers/handlers.go:324.70,326.2 1 1
github.com/zongjie233/udemy_lesson/internal/handlers/handlers.go:329.81,331.9 2 0
github.com/zongjie233/udemy_lesson/internal/handlers/handlers.go:337.2,350.4 9 0
github.com/zongjie233/udemy_lesson/internal/handlers/handlers.go:331.9,336.3 4 0
github.com/zongjie233/udemy_lesson/internal/handlers/handlers.go:354.73,358.16 2 0
github.com/zongjie233/udemy_lesson/internal/handlers/handlers.go:364.2,365.9 2 0
github.com/zongjie233/udemy_lesson/internal/handlers/handlers.go:371.2,375.63 3 0
github.com/zongjie233/udemy_lesson/internal/handlers/handlers.go:358.16,361.3 2 0
github.com/zongjie233/udemy_lesson/internal/handlers/handlers.go:365.9,368.3 2 0
github.com/zongjie233/udemy_lesson/internal/handlers/handlers.go:379.71,387.16 6 0
github.com/zongjie233/udemy_lesson/internal/handlers/handlers.go:391.2,392.16 2 0
github.com/zongjie233/udemy_lesson/internal/handlers/handlers.go:397.2,400.16 3 0
github.com/zongjie233/udemy_lesson/internal/handlers/handlers.go:404.2,411.63 6 0
github.com/zongjie233/udemy_lesson/internal/handlers/handlers.go:387.16,390.3 2 0
github.com/zongjie233/udemy_lesson/internal/handlers/handlers.go:392.16,395.3 2 0
github.com/zongjie233/udemy_lesson/internal/handlers/handlers.go:400.16,403.3 2 0
