mode: set
github.com/zongjie233/udemy_lesson/internal/handlers/handlers.go:23.47,27.2 1 1
github.com/zongjie233/udemy_lesson/internal/handlers/handlers.go:30.33,32.2 1 1
github.com/zongjie233/udemy_lesson/internal/handlers/handlers.go:35.67,41.2 3 1
github.com/zongjie233/udemy_lesson/internal/handlers/handlers.go:44.68,55.2 5 1
github.com/zongjie233/udemy_lesson/internal/handlers/handlers.go:58.74,63.2 4 1
github.com/zongjie233/udemy_lesson/internal/handlers/handlers.go:66.78,68.16 2 1
github.com/zongjie233/udemy_lesson/internal/handlers/handlers.go:74.2,89.19 5 1
github.com/zongjie233/udemy_lesson/internal/handlers/handlers.go:96.2,98.66 2 1
github.com/zongjie233/udemy_lesson/internal/handlers/handlers.go:68.16,71.3 2 0
github.com/zongjie233/udemy_lesson/internal/handlers/handlers.go:89.19,94.3 4 0
github.com/zongjie233/udemy_lesson/internal/handlers/handlers.go:102.69,104.2 1 1
github.com/zongjie233/udemy_lesson/internal/handlers/handlers.go:107.68,109.2 1 1
github.com/zongjie233/udemy_lesson/internal/handlers/handlers.go:112.75,114.2 1 1
github.com/zongjie233/udemy_lesson/internal/handlers/handlers.go:117.79,122.2 3 1
github.com/zongjie233/udemy_lesson/internal/handlers/handlers.go:130.79,133.16 3 1
github.com/zongjie233/udemy_lesson/internal/handlers/handlers.go:136.2,137.14 2 1
github.com/zongjie233/udemy_lesson/internal/handlers/handlers.go:133.16,135.3 1 0
github.com/zongjie233/udemy_lesson/internal/handlers/handlers.go:141.70,143.2 1 1
github.com/zongjie233/udemy_lesson/internal/handlers/handlers.go:145.81,147.9 2 1
github.com/zongjie233/udemy_lesson/internal/handlers/handlers.go:153.2,159.4 4 0
github.com/zongjie233/udemy_lesson/internal/handlers/handlers.go:147.9,152.3 4 1
